A:\MPI_SESSIONTYPE_EXTRACTOR\SESSIONTYPEEXTRACTOR4MPI\SESSIONTYPEEXTRACTOR4MPI\DEBUG\COLLECTIVEOP.OBJ
A:\MPI_SESSIONTYPE_EXTRACTOR\SESSIONTYPEEXTRACTOR4MPI\SESSIONTYPEEXTRACTOR4MPI\DEBUG\COMM.OBJ
A:\MPI_SESSIONTYPE_EXTRACTOR\SESSIONTYPEEXTRACTOR4MPI\SESSIONTYPEEXTRACTOR4MPI\DEBUG\EXTRACTBOOLCOND.OBJ
A:\MPI_SESSIONTYPE_EXTRACTOR\SESSIONTYPEEXTRACTOR4MPI\SESSIONTYPEEXTRACTOR4MPI\DEBUG\EXTRACTTARCOND.OBJ
A:\MPI_SESSIONTYPE_EXTRACTOR\SESSIONTYPEEXTRACTOR4MPI\SESSIONTYPEEXTRACTOR4MPI\DEBUG\MPIOP.OBJ
A:\MPI_SESSIONTYPE_EXTRACTOR\SESSIONTYPEEXTRACTOR4MPI\SESSIONTYPEEXTRACTOR4MPI\DEBUG\MPITREE.OBJ
A:\MPI_SESSIONTYPE_EXTRACTOR\SESSIONTYPEEXTRACTOR4MPI\SESSIONTYPEEXTRACTOR4MPI\DEBUG\MPITYPECHECKINGCONSUMER.OBJ
A:\MPI_SESSIONTYPE_EXTRACTOR\SESSIONTYPEEXTRACTOR4MPI\SESSIONTYPEEXTRACTOR4MPI\DEBUG\PROTOCOLGEN.OBJ
A:\MPI_SESSIONTYPE_EXTRACTOR\SESSIONTYPEEXTRACTOR4MPI\SESSIONTYPEEXTRACTOR4MPI\DEBUG\RANANDCOND.OBJ
A:\MPI_SESSIONTYPE_EXTRACTOR\SESSIONTYPEEXTRACTOR4MPI\SESSIONTYPEEXTRACTOR4MPI\DEBUG\ROLES.OBJ
A:\MPI_SESSIONTYPE_EXTRACTOR\SESSIONTYPEEXTRACTOR4MPI\SESSIONTYPEEXTRACTOR4MPI\DEBUG\SESSIONTYPEEXTRACTOR.OBJ
A:\MPI_SESSIONTYPE_EXTRACTOR\SESSIONTYPEEXTRACTOR4MPI\SESSIONTYPEEXTRACTOR4MPI\DEBUG\SIMULATION.OBJ
A:\MPI_SESSIONTYPE_EXTRACTOR\SESSIONTYPEEXTRACTOR4MPI\SESSIONTYPEEXTRACTOR4MPI\DEBUG\STMTHANDLER.OBJ
A:\MPI_SESSIONTYPE_EXTRACTOR\SESSIONTYPEEXTRACTOR4MPI\SESSIONTYPEEXTRACTOR4MPI\DEBUG\VC110.PDB
A:\MPI_SessionType_Extractor\SessionTypeExtractor4MPI\SessionTypeExtractor4MPI\Debug\CollectiveOP.obj
A:\MPI_SessionType_Extractor\SessionTypeExtractor4MPI\SessionTypeExtractor4MPI\Debug\Comm.obj
A:\MPI_SessionType_Extractor\SessionTypeExtractor4MPI\SessionTypeExtractor4MPI\Debug\ExtractBoolCond.obj
A:\MPI_SessionType_Extractor\SessionTypeExtractor4MPI\SessionTypeExtractor4MPI\Debug\ExtractTarCond.obj
A:\MPI_SessionType_Extractor\SessionTypeExtractor4MPI\SessionTypeExtractor4MPI\Debug\MPIOP.obj
A:\MPI_SessionType_Extractor\SessionTypeExtractor4MPI\SessionTypeExtractor4MPI\Debug\MPITree.obj
A:\MPI_SessionType_Extractor\SessionTypeExtractor4MPI\SessionTypeExtractor4MPI\Debug\MPITypeCheckingConsumer.obj
A:\MPI_SessionType_Extractor\SessionTypeExtractor4MPI\SessionTypeExtractor4MPI\Debug\ProtocolGen.obj
A:\MPI_SessionType_Extractor\SessionTypeExtractor4MPI\SessionTypeExtractor4MPI\Debug\RanAndCond.obj
A:\MPI_SessionType_Extractor\SessionTypeExtractor4MPI\SessionTypeExtractor4MPI\Debug\Roles.obj
A:\MPI_SessionType_Extractor\SessionTypeExtractor4MPI\SessionTypeExtractor4MPI\Debug\SessionTypeExtractor.obj
A:\MPI_SessionType_Extractor\SessionTypeExtractor4MPI\SessionTypeExtractor4MPI\Debug\Simulation.obj
A:\MPI_SessionType_Extractor\SessionTypeExtractor4MPI\SessionTypeExtractor4MPI\Debug\StmtHandler.obj
A:\MPI_SessionType_Extractor\SessionTypeExtractor4MPI\SessionTypeExtractor4MPI\Debug\cl.command.1.tlog
A:\MPI_SessionType_Extractor\SessionTypeExtractor4MPI\SessionTypeExtractor4MPI\Debug\CL.read.1.tlog
A:\MPI_SessionType_Extractor\SessionTypeExtractor4MPI\SessionTypeExtractor4MPI\Debug\CL.write.1.tlog
A:\MPI_SessionType_Extractor\SessionTypeExtractor4MPI\SessionTypeExtractor4MPI\Debug\vc110.idb
A:\MPI_SessionType_Extractor\SessionTypeExtractor4MPI\SessionTypeExtractor4MPI\Debug\vc110.pdb
